Analysis & Elaboration report for final_project
Mon Nov 17 02:30:48 2025
Quartus Prime Version 20.1.0 Build 711 06/05/2020 SJ Lite Edition


---------------------
; Table of Contents ;
---------------------
  1. Legal Notice
  2. Analysis & Elaboration Summary
  3. Parallel Compilation
  4. Analysis & Elaboration IP Cores Summary
  5. Source assignments for imem:imem|rom:rom_inst|altsyncram:altsyncram_component|altsyncram_ljf1:auto_generated
  6. Source assignments for dmem:dmem|ram:ram_inst|altsyncram:altsyncram_component|altsyncram_k2p1:auto_generated
  7. Parameter Settings for User Entity Instance: arm:arm|controllerc:u_controllerc|condlogic:u_condlogic|flopenr:flagreg1
  8. Parameter Settings for User Entity Instance: arm:arm|controllerc:u_controllerc|condlogic:u_condlogic|flopenr:flagreg0
  9. Parameter Settings for User Entity Instance: arm:arm|datapath:u_datapathdp|mux2:pcmux
 10. Parameter Settings for User Entity Instance: arm:arm|datapath:u_datapathdp|flopr:pcreg
 11. Parameter Settings for User Entity Instance: arm:arm|datapath:u_datapathdp|adder:pcadd1
 12. Parameter Settings for User Entity Instance: arm:arm|datapath:u_datapathdp|adder:pcadd2
 13. Parameter Settings for User Entity Instance: arm:arm|datapath:u_datapathdp|mux2:ra1mux
 14. Parameter Settings for User Entity Instance: arm:arm|datapath:u_datapathdp|mux2:ra2mux
 15. Parameter Settings for User Entity Instance: arm:arm|datapath:u_datapathdp|mux2:resmux
 16. Parameter Settings for User Entity Instance: arm:arm|datapath:u_datapathdp|mux2:srcbmux
 17. Parameter Settings for User Entity Instance: imem:imem|rom:rom_inst|altsyncram:altsyncram_component
 18. Parameter Settings for User Entity Instance: dmem:dmem|ram:ram_inst|altsyncram:altsyncram_component
 19. altsyncram Parameter Settings by Entity Instance
 20. Analysis & Elaboration Settings
 21. Port Connectivity Checks: "arm:arm|datapath:u_datapathdp|mux2:ra1mux"
 22. Port Connectivity Checks: "arm:arm|datapath:u_datapathdp|adder:pcadd2"
 23. Port Connectivity Checks: "arm:arm|datapath:u_datapathdp|adder:pcadd1"
 24. Analysis & Elaboration Messages



----------------
; Legal Notice ;
----------------
Copyright (C) 2020  Intel Corporation. All rights reserved.
Your use of Intel Corporation's design tools, logic functions 
and other software and tools, and any partner logic 
functions, and any output files from any of the foregoing 
(including device programming or simulation files), and any 
associated documentation or information are expressly subject 
to the terms and conditions of the Intel Program License 
Subscription Agreement, the Intel Quartus Prime License Agreement,
the Intel FPGA IP License Agreement, or other applicable license
agreement, including, without limitation, that your use is for
the sole purpose of programming logic devices manufactured by
Intel and sold by Intel or its authorized distributors.  Please
refer to the applicable agreement for further details, at
https://fpgasoftware.intel.com/eula.



+-----------------------------------------------------------------------------+
; Analysis & Elaboration Summary                                              ;
+-------------------------------+---------------------------------------------+
; Analysis & Elaboration Status ; Successful - Mon Nov 17 02:30:48 2025       ;
; Quartus Prime Version         ; 20.1.0 Build 711 06/05/2020 SJ Lite Edition ;
; Revision Name                 ; final_project                               ;
; Top-level Entity Name         ; top_sim                                     ;
; Family                        ; Cyclone V                                   ;
; Logic utilization (in ALMs)   ; N/A until Partition Merge                   ;
; Total registers               ; N/A until Partition Merge                   ;
; Total pins                    ; N/A until Partition Merge                   ;
; Total virtual pins            ; N/A until Partition Merge                   ;
; Total block memory bits       ; N/A until Partition Merge                   ;
; Total PLLs                    ; N/A until Partition Merge                   ;
; Total DLLs                    ; N/A until Partition Merge                   ;
+-------------------------------+---------------------------------------------+


+------------------------------------------+
; Parallel Compilation                     ;
+----------------------------+-------------+
; Processors                 ; Number      ;
+----------------------------+-------------+
; Number detected on machine ; 16          ;
; Maximum allowed            ; 16          ;
;                            ;             ;
; Average used               ; 1.00        ;
; Maximum used               ; 1           ;
;                            ;             ;
; Usage by Processor         ; % Time Used ;
;     Processor 1            ; 100.0%      ;
+----------------------------+-------------+


+-------------------------------------------------------------------------------------------------------------------+
; Analysis & Elaboration IP Cores Summary                                                                           ;
+--------+--------------+---------+--------------+--------------+---------------------------------+-----------------+
; Vendor ; IP Core Name ; Version ; Release Date ; License Type ; Entity Instance                 ; IP Include File ;
+--------+--------------+---------+--------------+--------------+---------------------------------+-----------------+
; Altera ; RAM: 1-PORT  ; 20.1    ; N/A          ; N/A          ; |top_sim|dmem:dmem|ram:ram_inst ; ram.v           ;
; Altera ; ROM: 1-PORT  ; 20.1    ; N/A          ; N/A          ; |top_sim|imem:imem|rom:rom_inst ; rom.v           ;
+--------+--------------+---------+--------------+--------------+---------------------------------+-----------------+


+--------------------------------------------------------------------------------------------------------------+
; Source assignments for imem:imem|rom:rom_inst|altsyncram:altsyncram_component|altsyncram_ljf1:auto_generated ;
+---------------------------------+--------------------+------+------------------------------------------------+
; Assignment                      ; Value              ; From ; To                                             ;
+---------------------------------+--------------------+------+------------------------------------------------+
; OPTIMIZE_POWER_DURING_SYNTHESIS ; NORMAL_COMPILATION ; -    ; -                                              ;
+---------------------------------+--------------------+------+------------------------------------------------+


+--------------------------------------------------------------------------------------------------------------+
; Source assignments for dmem:dmem|ram:ram_inst|altsyncram:altsyncram_component|altsyncram_k2p1:auto_generated ;
+---------------------------------+--------------------+------+------------------------------------------------+
; Assignment                      ; Value              ; From ; To                                             ;
+---------------------------------+--------------------+------+------------------------------------------------+
; OPTIMIZE_POWER_DURING_SYNTHESIS ; NORMAL_COMPILATION ; -    ; -                                              ;
+---------------------------------+--------------------+------+------------------------------------------------+


+-----------------------------------------------------------------------------------------------------------------------+
; Parameter Settings for User Entity Instance: arm:arm|controllerc:u_controllerc|condlogic:u_condlogic|flopenr:flagreg1 ;
+----------------+-------+----------------------------------------------------------------------------------------------+
; Parameter Name ; Value ; Type                                                                                         ;
+----------------+-------+----------------------------------------------------------------------------------------------+
; WIDTH          ; 2     ; Signed Integer                                                                               ;
+----------------+-------+----------------------------------------------------------------------------------------------+
Note: In order to hide this table in the UI and the text report file, please set the "Show Parameter Settings in Synthesis Report" option in "Analysis and Synthesis Settings -> More Settings" to "Off".


+-----------------------------------------------------------------------------------------------------------------------+
; Parameter Settings for User Entity Instance: arm:arm|controllerc:u_controllerc|condlogic:u_condlogic|flopenr:flagreg0 ;
+----------------+-------+----------------------------------------------------------------------------------------------+
; Parameter Name ; Value ; Type                                                                                         ;
+----------------+-------+----------------------------------------------------------------------------------------------+
; WIDTH          ; 2     ; Signed Integer                                                                               ;
+----------------+-------+----------------------------------------------------------------------------------------------+
Note: In order to hide this table in the UI and the text report file, please set the "Show Parameter Settings in Synthesis Report" option in "Analysis and Synthesis Settings -> More Settings" to "Off".


+---------------------------------------------------------------------------------------+
; Parameter Settings for User Entity Instance: arm:arm|datapath:u_datapathdp|mux2:pcmux ;
+----------------+-------+--------------------------------------------------------------+
; Parameter Name ; Value ; Type                                                         ;
+----------------+-------+--------------------------------------------------------------+
; WIDTH          ; 32    ; Signed Integer                                               ;
+----------------+-------+--------------------------------------------------------------+
Note: In order to hide this table in the UI and the text report file, please set the "Show Parameter Settings in Synthesis Report" option in "Analysis and Synthesis Settings -> More Settings" to "Off".


+----------------------------------------------------------------------------------------+
; Parameter Settings for User Entity Instance: arm:arm|datapath:u_datapathdp|flopr:pcreg ;
+----------------+-------+---------------------------------------------------------------+
; Parameter Name ; Value ; Type                                                          ;
+----------------+-------+---------------------------------------------------------------+
; WIDTH          ; 32    ; Signed Integer                                                ;
+----------------+-------+---------------------------------------------------------------+
Note: In order to hide this table in the UI and the text report file, please set the "Show Parameter Settings in Synthesis Report" option in "Analysis and Synthesis Settings -> More Settings" to "Off".


+-----------------------------------------------------------------------------------------+
; Parameter Settings for User Entity Instance: arm:arm|datapath:u_datapathdp|adder:pcadd1 ;
+----------------+-------+----------------------------------------------------------------+
; Parameter Name ; Value ; Type                                                           ;
+----------------+-------+----------------------------------------------------------------+
; WIDTH          ; 32    ; Signed Integer                                                 ;
+----------------+-------+----------------------------------------------------------------+
Note: In order to hide this table in the UI and the text report file, please set the "Show Parameter Settings in Synthesis Report" option in "Analysis and Synthesis Settings -> More Settings" to "Off".


+-----------------------------------------------------------------------------------------+
; Parameter Settings for User Entity Instance: arm:arm|datapath:u_datapathdp|adder:pcadd2 ;
+----------------+-------+----------------------------------------------------------------+
; Parameter Name ; Value ; Type                                                           ;
+----------------+-------+----------------------------------------------------------------+
; WIDTH          ; 32    ; Signed Integer                                                 ;
+----------------+-------+----------------------------------------------------------------+
Note: In order to hide this table in the UI and the text report file, please set the "Show Parameter Settings in Synthesis Report" option in "Analysis and Synthesis Settings -> More Settings" to "Off".


+----------------------------------------------------------------------------------------+
; Parameter Settings for User Entity Instance: arm:arm|datapath:u_datapathdp|mux2:ra1mux ;
+----------------+-------+---------------------------------------------------------------+
; Parameter Name ; Value ; Type                                                          ;
+----------------+-------+---------------------------------------------------------------+
; WIDTH          ; 4     ; Signed Integer                                                ;
+----------------+-------+---------------------------------------------------------------+
Note: In order to hide this table in the UI and the text report file, please set the "Show Parameter Settings in Synthesis Report" option in "Analysis and Synthesis Settings -> More Settings" to "Off".


+----------------------------------------------------------------------------------------+
; Parameter Settings for User Entity Instance: arm:arm|datapath:u_datapathdp|mux2:ra2mux ;
+----------------+-------+---------------------------------------------------------------+
; Parameter Name ; Value ; Type                                                          ;
+----------------+-------+---------------------------------------------------------------+
; WIDTH          ; 4     ; Signed Integer                                                ;
+----------------+-------+---------------------------------------------------------------+
Note: In order to hide this table in the UI and the text report file, please set the "Show Parameter Settings in Synthesis Report" option in "Analysis and Synthesis Settings -> More Settings" to "Off".


+----------------------------------------------------------------------------------------+
; Parameter Settings for User Entity Instance: arm:arm|datapath:u_datapathdp|mux2:resmux ;
+----------------+-------+---------------------------------------------------------------+
; Parameter Name ; Value ; Type                                                          ;
+----------------+-------+---------------------------------------------------------------+
; WIDTH          ; 32    ; Signed Integer                                                ;
+----------------+-------+---------------------------------------------------------------+
Note: In order to hide this table in the UI and the text report file, please set the "Show Parameter Settings in Synthesis Report" option in "Analysis and Synthesis Settings -> More Settings" to "Off".


+-----------------------------------------------------------------------------------------+
; Parameter Settings for User Entity Instance: arm:arm|datapath:u_datapathdp|mux2:srcbmux ;
+----------------+-------+----------------------------------------------------------------+
; Parameter Name ; Value ; Type                                                           ;
+----------------+-------+----------------------------------------------------------------+
; WIDTH          ; 32    ; Signed Integer                                                 ;
+----------------+-------+----------------------------------------------------------------+
Note: In order to hide this table in the UI and the text report file, please set the "Show Parameter Settings in Synthesis Report" option in "Analysis and Synthesis Settings -> More Settings" to "Off".


+-----------------------------------------------------------------------------------------------------+
; Parameter Settings for User Entity Instance: imem:imem|rom:rom_inst|altsyncram:altsyncram_component ;
+------------------------------------+----------------------+-----------------------------------------+
; Parameter Name                     ; Value                ; Type                                    ;
+------------------------------------+----------------------+-----------------------------------------+
; BYTE_SIZE_BLOCK                    ; 8                    ; Untyped                                 ;
; AUTO_CARRY_CHAINS                  ; ON                   ; AUTO_CARRY                              ;
; IGNORE_CARRY_BUFFERS               ; OFF                  ; IGNORE_CARRY                            ;
; AUTO_CASCADE_CHAINS                ; ON                   ; AUTO_CASCADE                            ;
; IGNORE_CASCADE_BUFFERS             ; OFF                  ; IGNORE_CASCADE                          ;
; WIDTH_BYTEENA                      ; 1                    ; Untyped                                 ;
; OPERATION_MODE                     ; ROM                  ; Untyped                                 ;
; WIDTH_A                            ; 32                   ; Signed Integer                          ;
; WIDTHAD_A                          ; 8                    ; Signed Integer                          ;
; NUMWORDS_A                         ; 256                  ; Signed Integer                          ;
; OUTDATA_REG_A                      ; CLOCK0               ; Untyped                                 ;
; ADDRESS_ACLR_A                     ; NONE                 ; Untyped                                 ;
; OUTDATA_ACLR_A                     ; NONE                 ; Untyped                                 ;
; WRCONTROL_ACLR_A                   ; NONE                 ; Untyped                                 ;
; INDATA_ACLR_A                      ; NONE                 ; Untyped                                 ;
; BYTEENA_ACLR_A                     ; NONE                 ; Untyped                                 ;
; WIDTH_B                            ; 1                    ; Untyped                                 ;
; WIDTHAD_B                          ; 1                    ; Untyped                                 ;
; NUMWORDS_B                         ; 1                    ; Untyped                                 ;
; INDATA_REG_B                       ; CLOCK1               ; Untyped                                 ;
; WRCONTROL_WRADDRESS_REG_B          ; CLOCK1               ; Untyped                                 ;
; RDCONTROL_REG_B                    ; CLOCK1               ; Untyped                                 ;
; ADDRESS_REG_B                      ; CLOCK1               ; Untyped                                 ;
; OUTDATA_REG_B                      ; UNREGISTERED         ; Untyped                                 ;
; BYTEENA_REG_B                      ; CLOCK1               ; Untyped                                 ;
; INDATA_ACLR_B                      ; NONE                 ; Untyped                                 ;
; WRCONTROL_ACLR_B                   ; NONE                 ; Untyped                                 ;
; ADDRESS_ACLR_B                     ; NONE                 ; Untyped                                 ;
; OUTDATA_ACLR_B                     ; NONE                 ; Untyped                                 ;
; RDCONTROL_ACLR_B                   ; NONE                 ; Untyped                                 ;
; BYTEENA_ACLR_B                     ; NONE                 ; Untyped                                 ;
; WIDTH_BYTEENA_A                    ; 1                    ; Signed Integer                          ;
; WIDTH_BYTEENA_B                    ; 1                    ; Untyped                                 ;
; RAM_BLOCK_TYPE                     ; AUTO                 ; Untyped                                 ;
; BYTE_SIZE                          ; 8                    ; Untyped                                 ;
; READ_DURING_WRITE_MODE_MIXED_PORTS ; DONT_CARE            ; Untyped                                 ;
; READ_DURING_WRITE_MODE_PORT_A      ; NEW_DATA_NO_NBE_READ ; Untyped                                 ;
; READ_DURING_WRITE_MODE_PORT_B      ; NEW_DATA_NO_NBE_READ ; Untyped                                 ;
; INIT_FILE                          ; program.mif          ; Untyped                                 ;
; INIT_FILE_LAYOUT                   ; PORT_A               ; Untyped                                 ;
; MAXIMUM_DEPTH                      ; 0                    ; Untyped                                 ;
; CLOCK_ENABLE_INPUT_A               ; BYPASS               ; Untyped                                 ;
; CLOCK_ENABLE_INPUT_B               ; NORMAL               ; Untyped                                 ;
; CLOCK_ENABLE_OUTPUT_A              ; BYPASS               ; Untyped                                 ;
; CLOCK_ENABLE_OUTPUT_B              ; NORMAL               ; Untyped                                 ;
; CLOCK_ENABLE_CORE_A                ; USE_INPUT_CLKEN      ; Untyped                                 ;
; CLOCK_ENABLE_CORE_B                ; USE_INPUT_CLKEN      ; Untyped                                 ;
; ENABLE_ECC                         ; FALSE                ; Untyped                                 ;
; ECC_PIPELINE_STAGE_ENABLED         ; FALSE                ; Untyped                                 ;
; WIDTH_ECCSTATUS                    ; 3                    ; Untyped                                 ;
; DEVICE_FAMILY                      ; Cyclone V            ; Untyped                                 ;
; CBXI_PARAMETER                     ; altsyncram_ljf1      ; Untyped                                 ;
+------------------------------------+----------------------+-----------------------------------------+
Note: In order to hide this table in the UI and the text report file, please set the "Show Parameter Settings in Synthesis Report" option in "Analysis and Synthesis Settings -> More Settings" to "Off".


+-----------------------------------------------------------------------------------------------------+
; Parameter Settings for User Entity Instance: dmem:dmem|ram:ram_inst|altsyncram:altsyncram_component ;
+------------------------------------+----------------------+-----------------------------------------+
; Parameter Name                     ; Value                ; Type                                    ;
+------------------------------------+----------------------+-----------------------------------------+
; BYTE_SIZE_BLOCK                    ; 8                    ; Untyped                                 ;
; AUTO_CARRY_CHAINS                  ; ON                   ; AUTO_CARRY                              ;
; IGNORE_CARRY_BUFFERS               ; OFF                  ; IGNORE_CARRY                            ;
; AUTO_CASCADE_CHAINS                ; ON                   ; AUTO_CASCADE                            ;
; IGNORE_CASCADE_BUFFERS             ; OFF                  ; IGNORE_CASCADE                          ;
; WIDTH_BYTEENA                      ; 1                    ; Untyped                                 ;
; OPERATION_MODE                     ; SINGLE_PORT          ; Untyped                                 ;
; WIDTH_A                            ; 32                   ; Signed Integer                          ;
; WIDTHAD_A                          ; 11                   ; Signed Integer                          ;
; NUMWORDS_A                         ; 2048                 ; Signed Integer                          ;
; OUTDATA_REG_A                      ; UNREGISTERED         ; Untyped                                 ;
; ADDRESS_ACLR_A                     ; NONE                 ; Untyped                                 ;
; OUTDATA_ACLR_A                     ; NONE                 ; Untyped                                 ;
; WRCONTROL_ACLR_A                   ; NONE                 ; Untyped                                 ;
; INDATA_ACLR_A                      ; NONE                 ; Untyped                                 ;
; BYTEENA_ACLR_A                     ; NONE                 ; Untyped                                 ;
; WIDTH_B                            ; 1                    ; Untyped                                 ;
; WIDTHAD_B                          ; 1                    ; Untyped                                 ;
; NUMWORDS_B                         ; 1                    ; Untyped                                 ;
; INDATA_REG_B                       ; CLOCK1               ; Untyped                                 ;
; WRCONTROL_WRADDRESS_REG_B          ; CLOCK1               ; Untyped                                 ;
; RDCONTROL_REG_B                    ; CLOCK1               ; Untyped                                 ;
; ADDRESS_REG_B                      ; CLOCK1               ; Untyped                                 ;
; OUTDATA_REG_B                      ; UNREGISTERED         ; Untyped                                 ;
; BYTEENA_REG_B                      ; CLOCK1               ; Untyped                                 ;
; INDATA_ACLR_B                      ; NONE                 ; Untyped                                 ;
; WRCONTROL_ACLR_B                   ; NONE                 ; Untyped                                 ;
; ADDRESS_ACLR_B                     ; NONE                 ; Untyped                                 ;
; OUTDATA_ACLR_B                     ; NONE                 ; Untyped                                 ;
; RDCONTROL_ACLR_B                   ; NONE                 ; Untyped                                 ;
; BYTEENA_ACLR_B                     ; NONE                 ; Untyped                                 ;
; WIDTH_BYTEENA_A                    ; 1                    ; Signed Integer                          ;
; WIDTH_BYTEENA_B                    ; 1                    ; Untyped                                 ;
; RAM_BLOCK_TYPE                     ; AUTO                 ; Untyped                                 ;
; BYTE_SIZE                          ; 8                    ; Untyped                                 ;
; READ_DURING_WRITE_MODE_MIXED_PORTS ; DONT_CARE            ; Untyped                                 ;
; READ_DURING_WRITE_MODE_PORT_A      ; NEW_DATA_NO_NBE_READ ; Untyped                                 ;
; READ_DURING_WRITE_MODE_PORT_B      ; NEW_DATA_NO_NBE_READ ; Untyped                                 ;
; INIT_FILE                          ; program_ram.mif      ; Untyped                                 ;
; INIT_FILE_LAYOUT                   ; PORT_A               ; Untyped                                 ;
; MAXIMUM_DEPTH                      ; 0                    ; Untyped                                 ;
; CLOCK_ENABLE_INPUT_A               ; BYPASS               ; Untyped                                 ;
; CLOCK_ENABLE_INPUT_B               ; NORMAL               ; Untyped                                 ;
; CLOCK_ENABLE_OUTPUT_A              ; BYPASS               ; Untyped                                 ;
; CLOCK_ENABLE_OUTPUT_B              ; NORMAL               ; Untyped                                 ;
; CLOCK_ENABLE_CORE_A                ; USE_INPUT_CLKEN      ; Untyped                                 ;
; CLOCK_ENABLE_CORE_B                ; USE_INPUT_CLKEN      ; Untyped                                 ;
; ENABLE_ECC                         ; FALSE                ; Untyped                                 ;
; ECC_PIPELINE_STAGE_ENABLED         ; FALSE                ; Untyped                                 ;
; WIDTH_ECCSTATUS                    ; 3                    ; Untyped                                 ;
; DEVICE_FAMILY                      ; Cyclone V            ; Untyped                                 ;
; CBXI_PARAMETER                     ; altsyncram_k2p1      ; Untyped                                 ;
+------------------------------------+----------------------+-----------------------------------------+
Note: In order to hide this table in the UI and the text report file, please set the "Show Parameter Settings in Synthesis Report" option in "Analysis and Synthesis Settings -> More Settings" to "Off".


+----------------------------------------------------------------------------------------------------+
; altsyncram Parameter Settings by Entity Instance                                                   ;
+-------------------------------------------+--------------------------------------------------------+
; Name                                      ; Value                                                  ;
+-------------------------------------------+--------------------------------------------------------+
; Number of entity instances                ; 2                                                      ;
; Entity Instance                           ; imem:imem|rom:rom_inst|altsyncram:altsyncram_component ;
;     -- OPERATION_MODE                     ; ROM                                                    ;
;     -- WIDTH_A                            ; 32                                                     ;
;     -- NUMWORDS_A                         ; 256                                                    ;
;     -- OUTDATA_REG_A                      ; CLOCK0                                                 ;
;     -- WIDTH_B                            ; 1                                                      ;
;     -- NUMWORDS_B                         ; 1                                                      ;
;     -- ADDRESS_REG_B                      ; CLOCK1                                                 ;
;     -- OUTDATA_REG_B                      ; UNREGISTERED                                           ;
;     -- RAM_BLOCK_TYPE                     ; AUTO                                                   ;
;     -- READ_DURING_WRITE_MODE_MIXED_PORTS ; DONT_CARE                                              ;
; Entity Instance                           ; dmem:dmem|ram:ram_inst|altsyncram:altsyncram_component ;
;     -- OPERATION_MODE                     ; SINGLE_PORT                                            ;
;     -- WIDTH_A                            ; 32                                                     ;
;     -- NUMWORDS_A                         ; 2048                                                   ;
;     -- OUTDATA_REG_A                      ; UNREGISTERED                                           ;
;     -- WIDTH_B                            ; 1                                                      ;
;     -- NUMWORDS_B                         ; 1                                                      ;
;     -- ADDRESS_REG_B                      ; CLOCK1                                                 ;
;     -- OUTDATA_REG_B                      ; UNREGISTERED                                           ;
;     -- RAM_BLOCK_TYPE                     ; AUTO                                                   ;
;     -- READ_DURING_WRITE_MODE_MIXED_PORTS ; DONT_CARE                                              ;
+-------------------------------------------+--------------------------------------------------------+


+---------------------------------------------------------------------------------------------------------------------------+
; Analysis & Elaboration Settings                                                                                           ;
+---------------------------------------------------------------------------------+--------------------+--------------------+
; Option                                                                          ; Setting            ; Default Value      ;
+---------------------------------------------------------------------------------+--------------------+--------------------+
; Device                                                                          ; 5CSXFC6D6F31C6     ;                    ;
; Top-level entity name                                                           ; top_sim            ; final_project      ;
; Family name                                                                     ; Cyclone V          ; Cyclone V          ;
; Verilog Show LMF Mapping Messages                                               ; Off                ;                    ;
; Verilog Version                                                                 ; SystemVerilog_2005 ; Verilog_2001       ;
; Use smart compilation                                                           ; Off                ; Off                ;
; Enable parallel Assembler and Timing Analyzer during compilation                ; On                 ; On                 ;
; Enable compact report table                                                     ; Off                ; Off                ;
; Restructure Multiplexers                                                        ; Auto               ; Auto               ;
; MLAB Add Timing Constraints For Mixed-Port Feed-Through Mode Setting Don't Care ; Off                ; Off                ;
; Create Debugging Nodes for IP Cores                                             ; Off                ; Off                ;
; Preserve fewer node names                                                       ; On                 ; On                 ;
; Intel FPGA IP Evaluation Mode                                                   ; Enable             ; Enable             ;
; VHDL Version                                                                    ; VHDL_1993          ; VHDL_1993          ;
; State Machine Processing                                                        ; Auto               ; Auto               ;
; Safe State Machine                                                              ; Off                ; Off                ;
; Extract Verilog State Machines                                                  ; On                 ; On                 ;
; Extract VHDL State Machines                                                     ; On                 ; On                 ;
; Ignore Verilog initial constructs                                               ; Off                ; Off                ;
; Iteration limit for constant Verilog loops                                      ; 5000               ; 5000               ;
; Iteration limit for non-constant Verilog loops                                  ; 250                ; 250                ;
; Add Pass-Through Logic to Inferred RAMs                                         ; On                 ; On                 ;
; Infer RAMs from Raw Logic                                                       ; On                 ; On                 ;
; Parallel Synthesis                                                              ; On                 ; On                 ;
; DSP Block Balancing                                                             ; Auto               ; Auto               ;
; NOT Gate Push-Back                                                              ; On                 ; On                 ;
; Power-Up Don't Care                                                             ; On                 ; On                 ;
; Remove Redundant Logic Cells                                                    ; Off                ; Off                ;
; Remove Duplicate Registers                                                      ; On                 ; On                 ;
; Ignore CARRY Buffers                                                            ; Off                ; Off                ;
; Ignore CASCADE Buffers                                                          ; Off                ; Off                ;
; Ignore GLOBAL Buffers                                                           ; Off                ; Off                ;
; Ignore ROW GLOBAL Buffers                                                       ; Off                ; Off                ;
; Ignore LCELL Buffers                                                            ; Off                ; Off                ;
; Ignore SOFT Buffers                                                             ; On                 ; On                 ;
; Limit AHDL Integers to 32 Bits                                                  ; Off                ; Off                ;
; Optimization Technique                                                          ; Balanced           ; Balanced           ;
; Carry Chain Length                                                              ; 70                 ; 70                 ;
; Auto Carry Chains                                                               ; On                 ; On                 ;
; Auto Open-Drain Pins                                                            ; On                 ; On                 ;
; Perform WYSIWYG Primitive Resynthesis                                           ; Off                ; Off                ;
; Auto ROM Replacement                                                            ; On                 ; On                 ;
; Auto RAM Replacement                                                            ; On                 ; On                 ;
; Auto DSP Block Replacement                                                      ; On                 ; On                 ;
; Auto Shift Register Replacement                                                 ; Auto               ; Auto               ;
; Allow Shift Register Merging across Hierarchies                                 ; Auto               ; Auto               ;
; Auto Clock Enable Replacement                                                   ; On                 ; On                 ;
; Strict RAM Replacement                                                          ; Off                ; Off                ;
; Allow Synchronous Control Signals                                               ; On                 ; On                 ;
; Force Use of Synchronous Clear Signals                                          ; Off                ; Off                ;
; Auto Resource Sharing                                                           ; Off                ; Off                ;
; Allow Any RAM Size For Recognition                                              ; Off                ; Off                ;
; Allow Any ROM Size For Recognition                                              ; Off                ; Off                ;
; Allow Any Shift Register Size For Recognition                                   ; Off                ; Off                ;
; Use LogicLock Constraints during Resource Balancing                             ; On                 ; On                 ;
; Ignore translate_off and synthesis_off directives                               ; Off                ; Off                ;
; Timing-Driven Synthesis                                                         ; On                 ; On                 ;
; Report Parameter Settings                                                       ; On                 ; On                 ;
; Report Source Assignments                                                       ; On                 ; On                 ;
; Report Connectivity Checks                                                      ; On                 ; On                 ;
; Ignore Maximum Fan-Out Assignments                                              ; Off                ; Off                ;
; Synchronization Register Chain Length                                           ; 3                  ; 3                  ;
; Power Optimization During Synthesis                                             ; Normal compilation ; Normal compilation ;
; HDL message level                                                               ; Level2             ; Level2             ;
; Suppress Register Optimization Related Messages                                 ; Off                ; Off                ;
; Number of Removed Registers Reported in Synthesis Report                        ; 5000               ; 5000               ;
; Number of Swept Nodes Reported in Synthesis Report                              ; 5000               ; 5000               ;
; Number of Inverted Registers Reported in Synthesis Report                       ; 100                ; 100                ;
; Clock MUX Protection                                                            ; On                 ; On                 ;
; Auto Gated Clock Conversion                                                     ; Off                ; Off                ;
; Block Design Naming                                                             ; Auto               ; Auto               ;
; SDC constraint protection                                                       ; Off                ; Off                ;
; Synthesis Effort                                                                ; Auto               ; Auto               ;
; Shift Register Replacement - Allow Asynchronous Clear Signal                    ; On                 ; On                 ;
; Pre-Mapping Resynthesis Optimization                                            ; Off                ; Off                ;
; Analysis & Synthesis Message Level                                              ; Medium             ; Medium             ;
; Disable Register Merging Across Hierarchies                                     ; Auto               ; Auto               ;
; Resource Aware Inference For Block RAM                                          ; On                 ; On                 ;
; Automatic Parallel Synthesis                                                    ; On                 ; On                 ;
; Partial Reconfiguration Bitstream ID                                            ; Off                ; Off                ;
+---------------------------------------------------------------------------------+--------------------+--------------------+


+-----------------------------------------------------------------------+
; Port Connectivity Checks: "arm:arm|datapath:u_datapathdp|mux2:ra1mux" ;
+------+-------+----------+---------------------------------------------+
; Port ; Type  ; Severity ; Details                                     ;
+------+-------+----------+---------------------------------------------+
; d1   ; Input ; Info     ; Stuck at VCC                                ;
+------+-------+----------+---------------------------------------------+


+------------------------------------------------------------------------+
; Port Connectivity Checks: "arm:arm|datapath:u_datapathdp|adder:pcadd2" ;
+----------+-------+----------+------------------------------------------+
; Port     ; Type  ; Severity ; Details                                  ;
+----------+-------+----------+------------------------------------------+
; b[31..3] ; Input ; Info     ; Stuck at GND                             ;
; b[1..0]  ; Input ; Info     ; Stuck at GND                             ;
; b[2]     ; Input ; Info     ; Stuck at VCC                             ;
+----------+-------+----------+------------------------------------------+


+------------------------------------------------------------------------+
; Port Connectivity Checks: "arm:arm|datapath:u_datapathdp|adder:pcadd1" ;
+----------+-------+----------+------------------------------------------+
; Port     ; Type  ; Severity ; Details                                  ;
+----------+-------+----------+------------------------------------------+
; b[31..3] ; Input ; Info     ; Stuck at GND                             ;
; b[1..0]  ; Input ; Info     ; Stuck at GND                             ;
; b[2]     ; Input ; Info     ; Stuck at VCC                             ;
+----------+-------+----------+------------------------------------------+


+---------------------------------+
; Analysis & Elaboration Messages ;
+---------------------------------+
Info: *******************************************************************
Info: Running Quartus Prime Analysis & Elaboration
    Info: Version 20.1.0 Build 711 06/05/2020 SJ Lite Edition
    Info: Processing started: Mon Nov 17 02:30:41 2025
Info: Command: quartus_map --read_settings_files=on --write_settings_files=off final_project -c final_project --analysis_and_elaboration
Warning (18236): Number of processors has not been specified which may cause overloading on shared machines.  Set the global assignment NUM_PARALLEL_PROCESSORS in your QSF to an appropriate value for best performance.
Info (20030): Parallel compilation is enabled and will use 16 of the 16 processors detected
Info (12021): Found 1 design units, including 1 entities, in source file arm.sv
    Info (12023): Found entity 1: arm File: C:/Users/Usuario/Desktop/TEC II 2025/Taller_DD/Proyecto_Final/echavarria_ffuchs_mvalverde_mgudino_digital_design_finalproject_2025/arm.sv Line: 1
Info (12021): Found 1 design units, including 1 entities, in source file controllerc.sv
    Info (12023): Found entity 1: controllerc File: C:/Users/Usuario/Desktop/TEC II 2025/Taller_DD/Proyecto_Final/echavarria_ffuchs_mvalverde_mgudino_digital_design_finalproject_2025/controllerc.sv Line: 2
Info (12021): Found 1 design units, including 1 entities, in source file decoderdec.sv
    Info (12023): Found entity 1: decoderdec File: C:/Users/Usuario/Desktop/TEC II 2025/Taller_DD/Proyecto_Final/echavarria_ffuchs_mvalverde_mgudino_digital_design_finalproject_2025/decoderdec.sv Line: 2
Info (12021): Found 2 design units, including 2 entities, in source file condlogic.sv
    Info (12023): Found entity 1: condlogic File: C:/Users/Usuario/Desktop/TEC II 2025/Taller_DD/Proyecto_Final/echavarria_ffuchs_mvalverde_mgudino_digital_design_finalproject_2025/condlogic.sv Line: 4
    Info (12023): Found entity 2: condcheck File: C:/Users/Usuario/Desktop/TEC II 2025/Taller_DD/Proyecto_Final/echavarria_ffuchs_mvalverde_mgudino_digital_design_finalproject_2025/condlogic.sv Line: 34
Info (12021): Found 1 design units, including 1 entities, in source file datapath.sv
    Info (12023): Found entity 1: datapath File: C:/Users/Usuario/Desktop/TEC II 2025/Taller_DD/Proyecto_Final/echavarria_ffuchs_mvalverde_mgudino_digital_design_finalproject_2025/datapath.sv Line: 1
Info (12021): Found 1 design units, including 1 entities, in source file regfile.sv
    Info (12023): Found entity 1: regfile File: C:/Users/Usuario/Desktop/TEC II 2025/Taller_DD/Proyecto_Final/echavarria_ffuchs_mvalverde_mgudino_digital_design_finalproject_2025/regfile.sv Line: 1
Info (12021): Found 1 design units, including 1 entities, in source file adder.sv
    Info (12023): Found entity 1: adder File: C:/Users/Usuario/Desktop/TEC II 2025/Taller_DD/Proyecto_Final/echavarria_ffuchs_mvalverde_mgudino_digital_design_finalproject_2025/adder.sv Line: 2
Info (12021): Found 1 design units, including 1 entities, in source file extend.sv
    Info (12023): Found entity 1: extend File: C:/Users/Usuario/Desktop/TEC II 2025/Taller_DD/Proyecto_Final/echavarria_ffuchs_mvalverde_mgudino_digital_design_finalproject_2025/extend.sv Line: 1
Info (12021): Found 1 design units, including 1 entities, in source file flopr.sv
    Info (12023): Found entity 1: flopr File: C:/Users/Usuario/Desktop/TEC II 2025/Taller_DD/Proyecto_Final/echavarria_ffuchs_mvalverde_mgudino_digital_design_finalproject_2025/flopr.sv Line: 2
Info (12021): Found 1 design units, including 1 entities, in source file flopenr.sv
    Info (12023): Found entity 1: flopenr File: C:/Users/Usuario/Desktop/TEC II 2025/Taller_DD/Proyecto_Final/echavarria_ffuchs_mvalverde_mgudino_digital_design_finalproject_2025/flopenr.sv Line: 2
Info (12021): Found 1 design units, including 1 entities, in source file mux2.sv
    Info (12023): Found entity 1: mux2 File: C:/Users/Usuario/Desktop/TEC II 2025/Taller_DD/Proyecto_Final/echavarria_ffuchs_mvalverde_mgudino_digital_design_finalproject_2025/mux2.sv Line: 2
Info (12021): Found 1 design units, including 1 entities, in source file testbench.sv
    Info (12023): Found entity 1: testbench File: C:/Users/Usuario/Desktop/TEC II 2025/Taller_DD/Proyecto_Final/echavarria_ffuchs_mvalverde_mgudino_digital_design_finalproject_2025/testbench.sv Line: 7
Info (12021): Found 1 design units, including 1 entities, in source file top.sv
    Info (12023): Found entity 1: top File: C:/Users/Usuario/Desktop/TEC II 2025/Taller_DD/Proyecto_Final/echavarria_ffuchs_mvalverde_mgudino_digital_design_finalproject_2025/top.sv Line: 1
Info (12021): Found 1 design units, including 1 entities, in source file dmem.sv
    Info (12023): Found entity 1: dmem File: C:/Users/Usuario/Desktop/TEC II 2025/Taller_DD/Proyecto_Final/echavarria_ffuchs_mvalverde_mgudino_digital_design_finalproject_2025/dmem.sv Line: 6
Info (12021): Found 1 design units, including 1 entities, in source file imem.sv
    Info (12023): Found entity 1: imem File: C:/Users/Usuario/Desktop/TEC II 2025/Taller_DD/Proyecto_Final/echavarria_ffuchs_mvalverde_mgudino_digital_design_finalproject_2025/imem.sv Line: 5
Info (12021): Found 1 design units, including 1 entities, in source file alu.sv
    Info (12023): Found entity 1: alu File: C:/Users/Usuario/Desktop/TEC II 2025/Taller_DD/Proyecto_Final/echavarria_ffuchs_mvalverde_mgudino_digital_design_finalproject_2025/alu.sv Line: 2
Info (12021): Found 1 design units, including 1 entities, in source file led_controller.sv
    Info (12023): Found entity 1: led_controller File: C:/Users/Usuario/Desktop/TEC II 2025/Taller_DD/Proyecto_Final/echavarria_ffuchs_mvalverde_mgudino_digital_design_finalproject_2025/led_controller.sv Line: 1
Info (12021): Found 1 design units, including 1 entities, in source file top_sim.sv
    Info (12023): Found entity 1: top_sim File: C:/Users/Usuario/Desktop/TEC II 2025/Taller_DD/Proyecto_Final/echavarria_ffuchs_mvalverde_mgudino_digital_design_finalproject_2025/top_sim.sv Line: 7
Info (12021): Found 1 design units, including 1 entities, in source file rom.v
    Info (12023): Found entity 1: rom File: C:/Users/Usuario/Desktop/TEC II 2025/Taller_DD/Proyecto_Final/echavarria_ffuchs_mvalverde_mgudino_digital_design_finalproject_2025/rom.v Line: 40
Info (12021): Found 1 design units, including 1 entities, in source file ram.v
    Info (12023): Found entity 1: ram File: C:/Users/Usuario/Desktop/TEC II 2025/Taller_DD/Proyecto_Final/echavarria_ffuchs_mvalverde_mgudino_digital_design_finalproject_2025/ram.v Line: 40
Info (12127): Elaborating entity "top_sim" for the top level hierarchy
Info (12128): Elaborating entity "arm" for hierarchy "arm:arm" File: C:/Users/Usuario/Desktop/TEC II 2025/Taller_DD/Proyecto_Final/echavarria_ffuchs_mvalverde_mgudino_digital_design_finalproject_2025/top_sim.sv Line: 22
Info (12128): Elaborating entity "controllerc" for hierarchy "arm:arm|controllerc:u_controllerc" File: C:/Users/Usuario/Desktop/TEC II 2025/Taller_DD/Proyecto_Final/echavarria_ffuchs_mvalverde_mgudino_digital_design_finalproject_2025/arm.sv Line: 20
Info (12128): Elaborating entity "decoderdec" for hierarchy "arm:arm|controllerc:u_controllerc|decoderdec:u_decoderdec" File: C:/Users/Usuario/Desktop/TEC II 2025/Taller_DD/Proyecto_Final/echavarria_ffuchs_mvalverde_mgudino_digital_design_finalproject_2025/controllerc.sv Line: 28
Info (12128): Elaborating entity "condlogic" for hierarchy "arm:arm|controllerc:u_controllerc|condlogic:u_condlogic" File: C:/Users/Usuario/Desktop/TEC II 2025/Taller_DD/Proyecto_Final/echavarria_ffuchs_mvalverde_mgudino_digital_design_finalproject_2025/controllerc.sv Line: 37
Info (12128): Elaborating entity "flopenr" for hierarchy "arm:arm|controllerc:u_controllerc|condlogic:u_condlogic|flopenr:flagreg1" File: C:/Users/Usuario/Desktop/TEC II 2025/Taller_DD/Proyecto_Final/echavarria_ffuchs_mvalverde_mgudino_digital_design_finalproject_2025/condlogic.sv Line: 19
Info (12128): Elaborating entity "condcheck" for hierarchy "arm:arm|controllerc:u_controllerc|condlogic:u_condlogic|condcheck:cc" File: C:/Users/Usuario/Desktop/TEC II 2025/Taller_DD/Proyecto_Final/echavarria_ffuchs_mvalverde_mgudino_digital_design_finalproject_2025/condlogic.sv Line: 22
Info (12128): Elaborating entity "datapath" for hierarchy "arm:arm|datapath:u_datapathdp" File: C:/Users/Usuario/Desktop/TEC II 2025/Taller_DD/Proyecto_Final/echavarria_ffuchs_mvalverde_mgudino_digital_design_finalproject_2025/arm.sv Line: 30
Info (12128): Elaborating entity "mux2" for hierarchy "arm:arm|datapath:u_datapathdp|mux2:pcmux" File: C:/Users/Usuario/Desktop/TEC II 2025/Taller_DD/Proyecto_Final/echavarria_ffuchs_mvalverde_mgudino_digital_design_finalproject_2025/datapath.sv Line: 24
Info (12128): Elaborating entity "flopr" for hierarchy "arm:arm|datapath:u_datapathdp|flopr:pcreg" File: C:/Users/Usuario/Desktop/TEC II 2025/Taller_DD/Proyecto_Final/echavarria_ffuchs_mvalverde_mgudino_digital_design_finalproject_2025/datapath.sv Line: 25
Info (12128): Elaborating entity "adder" for hierarchy "arm:arm|datapath:u_datapathdp|adder:pcadd1" File: C:/Users/Usuario/Desktop/TEC II 2025/Taller_DD/Proyecto_Final/echavarria_ffuchs_mvalverde_mgudino_digital_design_finalproject_2025/datapath.sv Line: 26
Info (12128): Elaborating entity "mux2" for hierarchy "arm:arm|datapath:u_datapathdp|mux2:ra1mux" File: C:/Users/Usuario/Desktop/TEC II 2025/Taller_DD/Proyecto_Final/echavarria_ffuchs_mvalverde_mgudino_digital_design_finalproject_2025/datapath.sv Line: 32
Info (12128): Elaborating entity "regfile" for hierarchy "arm:arm|datapath:u_datapathdp|regfile:rf" File: C:/Users/Usuario/Desktop/TEC II 2025/Taller_DD/Proyecto_Final/echavarria_ffuchs_mvalverde_mgudino_digital_design_finalproject_2025/datapath.sv Line: 46
Info (12128): Elaborating entity "extend" for hierarchy "arm:arm|datapath:u_datapathdp|extend:ext" File: C:/Users/Usuario/Desktop/TEC II 2025/Taller_DD/Proyecto_Final/echavarria_ffuchs_mvalverde_mgudino_digital_design_finalproject_2025/datapath.sv Line: 48
Info (12128): Elaborating entity "alu" for hierarchy "arm:arm|datapath:u_datapathdp|alu:alu" File: C:/Users/Usuario/Desktop/TEC II 2025/Taller_DD/Proyecto_Final/echavarria_ffuchs_mvalverde_mgudino_digital_design_finalproject_2025/datapath.sv Line: 61
Info (12128): Elaborating entity "imem" for hierarchy "imem:imem" File: C:/Users/Usuario/Desktop/TEC II 2025/Taller_DD/Proyecto_Final/echavarria_ffuchs_mvalverde_mgudino_digital_design_finalproject_2025/top_sim.sv Line: 25
Info (12128): Elaborating entity "rom" for hierarchy "imem:imem|rom:rom_inst" File: C:/Users/Usuario/Desktop/TEC II 2025/Taller_DD/Proyecto_Final/echavarria_ffuchs_mvalverde_mgudino_digital_design_finalproject_2025/imem.sv Line: 35
Info (12128): Elaborating entity "altsyncram" for hierarchy "imem:imem|rom:rom_inst|altsyncram:altsyncram_component" File: C:/Users/Usuario/Desktop/TEC II 2025/Taller_DD/Proyecto_Final/echavarria_ffuchs_mvalverde_mgudino_digital_design_finalproject_2025/rom.v Line: 82
Info (12130): Elaborated megafunction instantiation "imem:imem|rom:rom_inst|altsyncram:altsyncram_component" File: C:/Users/Usuario/Desktop/TEC II 2025/Taller_DD/Proyecto_Final/echavarria_ffuchs_mvalverde_mgudino_digital_design_finalproject_2025/rom.v Line: 82
Info (12133): Instantiated megafunction "imem:imem|rom:rom_inst|altsyncram:altsyncram_component" with the following parameter: File: C:/Users/Usuario/Desktop/TEC II 2025/Taller_DD/Proyecto_Final/echavarria_ffuchs_mvalverde_mgudino_digital_design_finalproject_2025/rom.v Line: 82
    Info (12134): Parameter "address_aclr_a" = "NONE"
    Info (12134): Parameter "clock_enable_input_a" = "BYPASS"
    Info (12134): Parameter "clock_enable_output_a" = "BYPASS"
    Info (12134): Parameter "init_file" = "program.mif"
    Info (12134): Parameter "intended_device_family" = "Cyclone V"
    Info (12134): Parameter "lpm_hint" = "ENABLE_RUNTIME_MOD=NO"
    Info (12134): Parameter "lpm_type" = "altsyncram"
    Info (12134): Parameter "numwords_a" = "256"
    Info (12134): Parameter "operation_mode" = "ROM"
    Info (12134): Parameter "outdata_aclr_a" = "NONE"
    Info (12134): Parameter "outdata_reg_a" = "CLOCK0"
    Info (12134): Parameter "widthad_a" = "8"
    Info (12134): Parameter "width_a" = "32"
    Info (12134): Parameter "width_byteena_a" = "1"
Info (12021): Found 1 design units, including 1 entities, in source file db/altsyncram_ljf1.tdf
    Info (12023): Found entity 1: altsyncram_ljf1 File: C:/Users/Usuario/Desktop/TEC II 2025/Taller_DD/Proyecto_Final/echavarria_ffuchs_mvalverde_mgudino_digital_design_finalproject_2025/db/altsyncram_ljf1.tdf Line: 28
Info (12128): Elaborating entity "altsyncram_ljf1" for hierarchy "imem:imem|rom:rom_inst|altsyncram:altsyncram_component|altsyncram_ljf1:auto_generated" File: c:/intelfpga_lite/20.1/quartus/libraries/megafunctions/altsyncram.tdf Line: 792
Info (12128): Elaborating entity "dmem" for hierarchy "dmem:dmem" File: C:/Users/Usuario/Desktop/TEC II 2025/Taller_DD/Proyecto_Final/echavarria_ffuchs_mvalverde_mgudino_digital_design_finalproject_2025/top_sim.sv Line: 28
Info (12128): Elaborating entity "ram" for hierarchy "dmem:dmem|ram:ram_inst" File: C:/Users/Usuario/Desktop/TEC II 2025/Taller_DD/Proyecto_Final/echavarria_ffuchs_mvalverde_mgudino_digital_design_finalproject_2025/dmem.sv Line: 62
Info (12128): Elaborating entity "altsyncram" for hierarchy "dmem:dmem|ram:ram_inst|altsyncram:altsyncram_component" File: C:/Users/Usuario/Desktop/TEC II 2025/Taller_DD/Proyecto_Final/echavarria_ffuchs_mvalverde_mgudino_digital_design_finalproject_2025/ram.v Line: 86
Info (12130): Elaborated megafunction instantiation "dmem:dmem|ram:ram_inst|altsyncram:altsyncram_component" File: C:/Users/Usuario/Desktop/TEC II 2025/Taller_DD/Proyecto_Final/echavarria_ffuchs_mvalverde_mgudino_digital_design_finalproject_2025/ram.v Line: 86
Info (12133): Instantiated megafunction "dmem:dmem|ram:ram_inst|altsyncram:altsyncram_component" with the following parameter: File: C:/Users/Usuario/Desktop/TEC II 2025/Taller_DD/Proyecto_Final/echavarria_ffuchs_mvalverde_mgudino_digital_design_finalproject_2025/ram.v Line: 86
    Info (12134): Parameter "clock_enable_input_a" = "BYPASS"
    Info (12134): Parameter "clock_enable_output_a" = "BYPASS"
    Info (12134): Parameter "init_file" = "program_ram.mif"
    Info (12134): Parameter "intended_device_family" = "Cyclone V"
    Info (12134): Parameter "lpm_hint" = "ENABLE_RUNTIME_MOD=NO"
    Info (12134): Parameter "lpm_type" = "altsyncram"
    Info (12134): Parameter "numwords_a" = "2048"
    Info (12134): Parameter "operation_mode" = "SINGLE_PORT"
    Info (12134): Parameter "outdata_aclr_a" = "NONE"
    Info (12134): Parameter "outdata_reg_a" = "UNREGISTERED"
    Info (12134): Parameter "power_up_uninitialized" = "FALSE"
    Info (12134): Parameter "read_during_write_mode_port_a" = "NEW_DATA_NO_NBE_READ"
    Info (12134): Parameter "widthad_a" = "11"
    Info (12134): Parameter "width_a" = "32"
    Info (12134): Parameter "width_byteena_a" = "1"
Info (12021): Found 1 design units, including 1 entities, in source file db/altsyncram_k2p1.tdf
    Info (12023): Found entity 1: altsyncram_k2p1 File: C:/Users/Usuario/Desktop/TEC II 2025/Taller_DD/Proyecto_Final/echavarria_ffuchs_mvalverde_mgudino_digital_design_finalproject_2025/db/altsyncram_k2p1.tdf Line: 28
Info (12128): Elaborating entity "altsyncram_k2p1" for hierarchy "dmem:dmem|ram:ram_inst|altsyncram:altsyncram_component|altsyncram_k2p1:auto_generated" File: c:/intelfpga_lite/20.1/quartus/libraries/megafunctions/altsyncram.tdf Line: 792
Info: Quartus Prime Analysis & Elaboration was successful. 0 errors, 1 warning
    Info: Peak virtual memory: 4794 megabytes
    Info: Processing ended: Mon Nov 17 02:30:48 2025
    Info: Elapsed time: 00:00:07
    Info: Total CPU time (on all processors): 00:00:21


